# JRE version: OpenJDK Runtime Environment (11.0.9.1+1) (build 11.0.9.1+1-Ubuntu-0ubuntu1.20.04)
# Java VM: OpenJDK 64-Bit Server VM (11.0.9.1+1-Ubuntu-0ubuntu1.20.04, mixed mode, sharing, tiered, compressed oops, g1 gc, linux-amd64)
Heap:
 garbage-first heap   total 641024K, used 275051K [0x000000060b600000, 0x0000000800000000)
  region size 2048K, 132 young (270336K), 13 survivors (26624K)
 Metaspace       used 50484K, capacity 53858K, committed 54144K, reserved 1095680K
  class space    used 7312K, capacity 8766K, committed 8832K, reserved 1048576K
GC Heap History (14 events):
Event: 0,436 GC heap before
{Heap before GC invocations=0 (full 0):
 garbage-first heap   total 518144K, used 23240K [0x000000060b600000, 0x0000000800000000)
  region size 2048K, 12 young (24576K), 0 survivors (0K)
 Metaspace       used 3727K, capacity 6787K, committed 6912K, reserved 1056768K
  class space    used 458K, capacity 715K, committed 768K, reserved 1048576K
}
Event: 0,448 GC heap after
{Heap after GC invocations=1 (full 0):
 garbage-first heap   total 518144K, used 7008K [0x000000060b600000, 0x0000000800000000)
  region size 2048K, 2 young (4096K), 2 survivors (4096K)
 Metaspace       used 3727K, capacity 6787K, committed 6912K, reserved 1056768K
  class space    used 458K, capacity 715K, committed 768K, reserved 1048576K
}
Event: 0,902 GC heap before
{Heap before GC invocations=1 (full 0):
 garbage-first heap   total 518144K, used 64352K [0x000000060b600000, 0x0000000800000000)
  region size 2048K, 30 young (61440K), 2 survivors (4096K)
 Metaspace       used 11370K, capacity 13056K, committed 13312K, reserved 1060864K
  class space    used 1628K, capacity 1769K, committed 1792K, reserved 1048576K
}
Event: 0,908 GC heap after
{Heap after GC invocations=2 (full 0):
 garbage-first heap   total 518144K, used 9041K [0x000000060b600000, 0x0000000800000000)
  region size 2048K, 3 young (6144K), 3 survivors (6144K)
 Metaspace       used 11370K, capacity 13056K, committed 13312K, reserved 1060864K
  class space    used 1628K, capacity 1769K, committed 1792K, reserved 1048576K
}
Event: 1,334 GC heap before
{Heap before GC invocations=2 (full 0):
 garbage-first heap   total 518144K, used 74577K [0x000000060b600000, 0x0000000800000000)
  region size 2048K, 36 young (73728K), 3 survivors (6144K)
 Metaspace       used 16323K, capacity 17822K, committed 18048K, reserved 1064960K
  class space    used 2220K, capacity 2408K, committed 2432K, reserved 1048576K
}
Event: 1,340 GC heap after
{Heap after GC invocations=3 (full 0):
 garbage-first heap   total 518144K, used 12097K [0x000000060b600000, 0x0000000800000000)
  region size 2048K, 3 young (6144K), 3 survivors (6144K)
 Metaspace       used 16323K, capacity 17822K, committed 18048K, reserved 1064960K
  class space    used 2220K, capacity 2408K, committed 2432K, reserved 1048576K
}
Event: 1,780 GC heap before
{Heap before GC invocations=3 (full 0):
 garbage-first heap   total 518144K, used 53057K [0x000000060b600000, 0x0000000800000000)
  region size 2048K, 24 young (49152K), 3 survivors (6144K)
 Metaspace       used 19572K, capacity 21100K, committed 21248K, reserved 1067008K
  class space    used 2697K, capacity 2966K, committed 3072K, reserved 1048576K
}
Event: 1,789 GC heap after
{Heap after GC invocations=4 (full 0):
 garbage-first heap   total 518144K, used 13130K [0x000000060b600000, 0x0000000800000000)
  region size 2048K, 4 young (8192K), 4 survivors (8192K)
 Metaspace       used 19572K, capacity 21100K, committed 21248K, reserved 1067008K
  class space    used 2697K, capacity 2966K, committed 3072K, reserved 1048576K
}
Event: 2,730 GC heap before
{Heap before GC invocations=5 (full 0):
 garbage-first heap   total 518144K, used 111434K [0x000000060b600000, 0x0000000800000000)
  region size 2048K, 52 young (106496K), 4 survivors (8192K)
 Metaspace       used 30448K, capacity 31593K, committed 31872K, reserved 1077248K
  class space    used 4198K, capacity 4631K, committed 4736K, reserved 1048576K
}
Event: 2,737 GC heap after
{Heap after GC invocations=6 (full 0):
 garbage-first heap   total 641024K, used 20671K [0x000000060b600000, 0x0000000800000000)
  region size 2048K, 7 young (14336K), 7 survivors (14336K)
 Metaspace       used 30448K, capacity 31593K, committed 31872K, reserved 1077248K
  class space    used 4198K, capacity 4631K, committed 4736K, reserved 1048576K
}
Event: 3,233 GC heap before
{Heap before GC invocations=6 (full 0):
 garbage-first heap   total 641024K, used 61631K [0x000000060b600000, 0x0000000800000000)
  region size 2048K, 28 young (57344K), 7 survivors (14336K)
 Metaspace       used 34346K, capacity 35654K, committed 35840K, reserved 1079296K
  class space    used 4717K, capacity 5230K, committed 5248K, reserved 1048576K
}
Event: 3,264 GC heap after
{Heap after GC invocations=7 (full 0):
 garbage-first heap   total 641024K, used 23493K [0x000000060b600000, 0x0000000800000000)
  region size 2048K, 9 young (18432K), 9 survivors (18432K)
 Metaspace       used 34346K, capacity 35654K, committed 35840K, reserved 1079296K
  class space    used 4717K, capacity 5230K, committed 5248K, reserved 1048576K
}
Event: 636,045 GC heap before
{Heap before GC invocations=8 (full 0):
 garbage-first heap   total 641024K, used 261061K [0x000000060b600000, 0x0000000800000000)
  region size 2048K, 125 young (256000K), 9 survivors (18432K)
 Metaspace       used 50025K, capacity 53395K, committed 53504K, reserved 1093632K
  class space    used 7231K, capacity 8657K, committed 8704K, reserved 1048576K
}
Event: 636,078 GC heap after
{Heap after GC invocations=9 (full 0):
 garbage-first heap   total 641024K, used 33387K [0x000000060b600000, 0x0000000800000000)
  region size 2048K, 13 young (26624K), 13 survivors (26624K)
 Metaspace       used 50025K, capacity 53395K, committed 53504K, reserved 1093632K
  class space    used 7231K, capacity 8657K, committed 8704K, reserved 1048576K
}

